<?xml version="1.0" encoding="UTF-8"?>
<!-- Generated by org.testng.reporters.JUnitReportReporter -->
<testsuite hostname="DESKTOP-SCKF30Q" failures="0" tests="1" name="testpackage2.OrangeHRMTest" time="20.600" errors="0" timestamp="2023-12-04T16:13:18 IST" skipped="0">
  <testcase classname="testpackage2.OrangeHRMTest" name="clickCheckBoxTest" time="20.600"/>
  <system-out/>
</testsuite> <!-- testpackage2.OrangeHRMTest -->
