<?xml version="1.0" encoding="UTF-8"?>
<!-- Generated by org.testng.reporters.JUnitReportReporter -->
<testsuite hostname="DESKTOP-SCKF30Q" failures="0" tests="2" name="testpackage1.TestClass2" time="9.579" errors="0" timestamp="2023-11-29T13:15:53 IST" skipped="0">
  <testcase classname="testpackage1.TestClass2" name="test2" time="5.777"/>
  <system-out>
    <![CDATA[test 2 of TestClass2]]>
  </system-out>
  <testcase classname="testpackage1.TestClass2" name="test1" time="3.802"/>
  <system-out>
    <![CDATA[test 1 of TestClass2]]>
  </system-out>
</testsuite> <!-- testpackage1.TestClass2 -->
