<?xml version="1.0" encoding="UTF-8"?>
<!-- Generated by org.testng.reporters.JUnitReportReporter -->
<testsuite hostname="DESKTOP-SCKF30Q" failures="0" tests="2" name="testpackage2.TestClass4" time="15.693" errors="0" timestamp="2023-11-29T13:15:53 IST" skipped="0">
  <testcase classname="testpackage2.TestClass4" name="test2" time="9.085"/>
  <system-out>
    <![CDATA[test 2 of TestClass4]]>
  </system-out>
  <testcase classname="testpackage2.TestClass4" name="test1" time="6.608"/>
  <system-out>
    <![CDATA[test 1 of TestClass4]]>
  </system-out>
</testsuite> <!-- testpackage2.TestClass4 -->
