<?xml version="1.0" encoding="UTF-8"?>
<!-- Generated by org.testng.reporters.JUnitReportReporter -->
<testsuite hostname="DESKTOP-SCKF30Q" failures="0" tests="2" name="testpackage1.TestClass1" time="10.273" errors="0" timestamp="2023-11-28T18:10:36 IST" skipped="0">
  <testcase classname="testpackage1.TestClass1" name="test1" time="6.401"/>
  <system-out>
    <![CDATA[test 1 of TestClass1]]>
  </system-out>
  <testcase classname="testpackage1.TestClass1" name="test2" time="3.872"/>
  <system-out>
    <![CDATA[test 2 of TestClass1]]>
  </system-out>
</testsuite> <!-- testpackage1.TestClass1 -->
