<?xml version="1.0" encoding="UTF-8"?>
<!-- Generated by org.testng.reporters.JUnitReportReporter -->
<testsuite hostname="DESKTOP-SCKF30Q" failures="0" tests="1" name="testpackage2.FlipkartSamsungTest" time="27.165" errors="0" timestamp="2023-12-05T09:47:15 IST" skipped="0">
  <testcase classname="testpackage2.FlipkartSamsungTest" name="test" time="27.165"/>
  <system-out/>
</testsuite> <!-- testpackage2.FlipkartSamsungTest -->
