<?xml version="1.0" encoding="UTF-8"?>
<!-- Generated by org.testng.reporters.JUnitReportReporter -->
<testsuite hostname="DESKTOP-SCKF30Q" failures="0" tests="2" name="testpackage2.TestClass4" time="25.156" errors="0" timestamp="2023-11-29T21:15:34 IST" skipped="0">
  <testcase classname="testpackage2.TestClass4" name="test1" time="19.971"/>
  <system-out>
    <![CDATA[test 1 of TestClass4]]>
  </system-out>
  <testcase classname="testpackage2.TestClass4" name="test2" time="5.185"/>
  <system-out>
    <![CDATA[test 2 of TestClass4]]>
  </system-out>
</testsuite> <!-- testpackage2.TestClass4 -->
