<?xml version="1.0" encoding="UTF-8"?>
<!-- Generated by org.testng.reporters.JUnitReportReporter -->
<testsuite hostname="DESKTOP-SCKF30Q" failures="0" tests="1" name="HardAssertTest" time="0.017" errors="0" timestamp="2023-11-22T22:39:19 IST" skipped="0">
  <testcase classname="HardAssertTest" name="testMethod1" time="0.017"/>
  <system-out>
    <![CDATA[----line1----
----line2----
----line3----
----line4----
----line5----]]>
  </system-out>
</testsuite> <!-- HardAssertTest -->
