<?xml version="1.0" encoding="UTF-8"?>
<!-- Generated by org.testng.reporters.JUnitReportReporter -->
<testsuite hostname="DESKTOP-SCKF30Q" failures="0" tests="2" name="testpackage2.TestClass3" time="10.201" errors="0" timestamp="2023-11-30T10:51:23 IST" skipped="0">
  <testcase classname="testpackage2.TestClass3" name="test1" time="3.337"/>
  <system-out>
    <![CDATA[test 1 of TestClass3]]>
  </system-out>
  <testcase classname="testpackage2.TestClass3" name="test2" time="6.864"/>
  <system-out>
    <![CDATA[test 2 of TestClass3]]>
  </system-out>
</testsuite> <!-- testpackage2.TestClass3 -->
