<?xml version="1.0" encoding="UTF-8"?>
<!-- Generated by org.testng.reporters.JUnitReportReporter -->
<testsuite hostname="DESKTOP-SCKF30Q" failures="0" tests="1" name="testpackage1.TestClass2" time="4.251" errors="0" timestamp="2023-12-03T23:37:32 IST" skipped="0">
  <testcase classname="testpackage1.TestClass2" name="test1" time="4.251"/>
  <system-out>
    <![CDATA[admin]]>
  </system-out>
</testsuite> <!-- testpackage1.TestClass2 -->
