<?xml version="1.0" encoding="UTF-8"?>
<!-- Generated by org.testng.reporters.JUnitReportReporter -->
<testsuite hostname="DESKTOP-SCKF30Q" failures="0" tests="1" name="testpackage2.TestClass5" time="11.651" errors="0" timestamp="2023-11-30T11:38:17 IST" skipped="0">
  <testcase classname="testpackage2.TestClass5" name="test1" time="11.651"/>
  <system-out/>
</testsuite> <!-- testpackage2.TestClass5 -->
