<?xml version="1.0" encoding="UTF-8"?>
<!-- Generated by org.testng.reporters.JUnitReportReporter -->
<testsuite hostname="DESKTOP-SCKF30Q" failures="0" tests="2" name="testpackage1.TestClass1" time="33.762" errors="0" timestamp="2023-12-30T22:00:48 IST" skipped="0">
  <testcase classname="testpackage1.TestClass1" name="test1" time="22.060"/>
  <system-out>
    <![CDATA[test 1 of TestClass1]]>
  </system-out>
  <testcase classname="testpackage1.TestClass1" name="test2" time="11.702"/>
  <system-out>
    <![CDATA[test 2 of TestClass1]]>
  </system-out>
</testsuite> <!-- testpackage1.TestClass1 -->
