<?xml version="1.0" encoding="UTF-8"?>
<!-- Generated by org.testng.reporters.JUnitReportReporter -->
<testsuite hostname="DESKTOP-SCKF30Q" failures="0" tests="1" name="testpackage1.TestClass2" time="7.094" errors="0" timestamp="2023-11-30T11:08:24 IST" skipped="0">
  <testcase classname="testpackage1.TestClass2" name="test2" time="7.094"/>
  <system-out>
    <![CDATA[test 2 of TestClass2]]>
  </system-out>
</testsuite> <!-- testpackage1.TestClass2 -->
