<?xml version="1.0" encoding="UTF-8"?>
<!-- Generated by org.testng.reporters.JUnitReportReporter -->
<testsuite hostname="DESKTOP-SCKF30Q" failures="0" tests="1" name="testpackage2.TestClass5" time="0.000" errors="0" timestamp="2023-12-30T21:16:55 IST" skipped="0">
  <testcase classname="testpackage2.TestClass5" name="test1" time="0.000"/>
  <system-out/>
</testsuite> <!-- testpackage2.TestClass5 -->
