<?xml version="1.0" encoding="UTF-8"?>
<!-- Generated by org.testng.reporters.JUnitReportReporter -->
<testsuite hostname="DESKTOP-SCKF30Q" failures="0" tests="2" name="testpackage2.TestClass4" time="10.222" errors="0" timestamp="2023-11-30T10:51:23 IST" skipped="0">
  <testcase classname="testpackage2.TestClass4" name="test2" time="3.963"/>
  <system-out>
    <![CDATA[test 2 of TestClass4]]>
  </system-out>
  <testcase classname="testpackage2.TestClass4" name="test1" time="6.259"/>
  <system-out>
    <![CDATA[test 1 of TestClass4]]>
  </system-out>
</testsuite> <!-- testpackage2.TestClass4 -->
