<?xml version="1.0" encoding="UTF-8"?>
<!-- Generated by org.testng.reporters.JUnitReportReporter -->
<testsuite hostname="DESKTOP-SCKF30Q" failures="0" tests="1" name="testpackage2.TestClass3" time="4.204" errors="0" timestamp="2023-12-03T23:37:32 IST" skipped="0">
  <testcase classname="testpackage2.TestClass3" name="test1" time="4.204"/>
  <system-out>
    <![CDATA[manager]]>
  </system-out>
</testsuite> <!-- testpackage2.TestClass3 -->
