<?xml version="1.0" encoding="UTF-8"?>
<!-- Generated by org.testng.reporters.JUnitReportReporter -->
<testsuite hostname="DESKTOP-SCKF30Q" failures="0" tests="1" name="testpackage1.TestClass1" time="31.942" errors="0" timestamp="2023-11-30T11:08:24 IST" skipped="0">
  <testcase classname="testpackage1.TestClass1" name="test1" time="31.942"/>
  <system-out>
    <![CDATA[test 1 of TestClass1]]>
  </system-out>
</testsuite> <!-- testpackage1.TestClass1 -->
